<?xml version="1.0" encoding="UTF-8"?>
<!-- Generated by org.testng.reporters.JUnitReportReporter -->
<testsuite hostname="IQA_CPU34_Himanshu" failures="0" tests="2" name="com.impactqa.hdfc.initialization" time="90.545" errors="0" timestamp="2020-11-24T17:01:22 IST" skipped="0">
  <testcase classname="com.impactqa.hdfc.initialization" name="firstpage" time="26.990"/>
  <system-out/>
  <testcase classname="com.impactqa.hdfc.initialization" name="secondpage" time="63.555"/>
  <system-out/>
</testsuite> <!-- com.impactqa.hdfc.initialization -->
